<?xml version="1.0" encoding="UTF-8"?>
<testsuites name="WO Creation" time="62.366" tests="3" failures="2" errors="0">
   <testsuite name="WO Creation" tests="3" failures="2" errors="0" time="62.366" skipped="0" timestamp="2023-05-31 16:35:43" hostname="HadyanTarisAkbar - BTL102308" id="Test Suites/WO Creation">
      <properties>
         <property name="deviceName" value=""/>
         <property name="devicePlatform" value=""/>
         <property name="logFolder" value="C:\\Users\\HadyanTarisAkbar\\Katalon Studio\\IronPortal\\Reports\\20230531_163535\\WO Creation\\20230531_163535"/>
         <property name="logFiles" value="C:\\Users\\HadyanTarisAkbar\\Katalon Studio\\IronPortal\\Reports\\20230531_163535\\WO Creation\\20230531_163535\\execution0.log"/>
         <property name="attachments" value="C:\\Users\\HadyanTarisAkbar\\Katalon Studio\\IronPortal\\Reports\\20230531_163535\\WO Creation\\20230531_163535\\1685525773989.png, C:\\Users\\HadyanTarisAkbar\\Katalon Studio\\IronPortal\\Reports\\20230531_163535\\WO Creation\\20230531_163535\\1685525805806.png"/>
         <property name="hostName" value="HadyanTarisAkbar - BTL102308"/>
         <property name="os" value="Windows 10 64bit"/>
         <property name="katalonVersion" value="8.6.0.208"/>
         <property name="browser" value="Chrome 113.0.0.0"/>
         <property name="hostAddress" value="192.168.115.119"/>
         <property name="sessionId" value="280846ec703daa7c777d66ca9fc411af"/>
         <property name="seleniumVersion" value="3.141.59"/>
         <property name="proxyInformation" value="ProxyInformation { proxyOption=NO_PROXY, proxyServerType=HTTP, username=, password=********, proxyServerAddress=, proxyServerPort=0, executionList=&quot;&quot;, isApplyToDesiredCapabilities=true }"/>
         <property name="platform" value="Windows 10"/>
      </properties>
      <testcase name="Test Cases/Login" time="17.154" classname="Test Cases/Login" status="PASSED">
         <system-out><![CDATA[2023-05-31 16:35:43 - [TEST_CASE][PASSED] - Test Cases/Login: Test Cases/Login

2023-05-31 16:35:44 - [TEST_STEP][PASSED] - openBrowser(""): Browser is opened with url: ''

2023-05-31 16:35:44 - [MESSAGE][INFO] - Starting 'Chrome' driver

2023-05-31 16:35:44 - [MESSAGE][INFO] - User set preference: ['prefs', '{profile.default_content_setting_values.media_stream_mic=1.0, profile.default_content_setting_values.media_stream_camera=1.0, profile.default_content_setting_values.geolocation=1.0, profile.default_content_setting_values.notifications=1.0}']

2023-05-31 16:35:44 - [MESSAGE][INFO] - Action delay is set to 0 milliseconds

2023-05-31 16:35:46 - [MESSAGE][PASSED] - Browser is opened with url: ''

2023-05-31 16:35:46 - [TEST_STEP][PASSED] - maximizeWindow(): Current window maximized

2023-05-31 16:35:46 - [MESSAGE][PASSED] - Current window maximized

2023-05-31 16:35:46 - [TEST_STEP][PASSED] - navigateToUrl("https://service-dev-fe.bukittechnology.com/#/sign-in"): Navigate to 'https://service-dev-fe.bukittechnology.com/#/sign-in' successfully

2023-05-31 16:35:51 - [MESSAGE][PASSED] - Navigate to 'https://service-dev-fe.bukittechnology.com/#/sign-in' successfully

2023-05-31 16:35:51 - [TEST_STEP][PASSED] - click(findTestObject("Object Repository/Page_BUMA AUSTRALIA/button_Sign in Microsoft")): Object: 'Object Repository/Page_BUMA AUSTRALIA/button_Sign in Microsoft' is clicked on

2023-05-31 16:35:51 - [MESSAGE][PASSED] - Object: 'Object Repository/Page_BUMA AUSTRALIA/button_Sign in Microsoft' is clicked on

2023-05-31 16:35:51 - [TEST_STEP][PASSED] - switchToWindowTitle("Sign in to your account"): Switched to window with title: 'Sign in to your account'

2023-05-31 16:35:53 - [MESSAGE][PASSED] - Switched to window with title: 'Sign in to your account'

2023-05-31 16:35:53 - [TEST_STEP][PASSED] - setText(findTestObject("Object Repository/Page_Sign in to your account/input_Sign in_loginfmt"), "bumaau.tester.supervisor@bukittech.onmicrosoft.com"): Text 'bumaau.tester.supervisor@bukittech.onmicrosoft.com' is set on object 'Object Repository/Page_Sign in to your account/input_Sign in_loginfmt'

2023-05-31 16:35:55 - [MESSAGE][PASSED] - Text 'bumaau.tester.supervisor@bukittech.onmicrosoft.com' is set on object 'Object Repository/Page_Sign in to your account/input_Sign in_loginfmt'

2023-05-31 16:35:55 - [TEST_STEP][PASSED] - click(findTestObject("Object Repository/Page_Sign in to your account/input_Sign in_idSIButton9")): Object: 'Object Repository/Page_Sign in to your account/input_Sign in_idSIButton9' is clicked on

2023-05-31 16:35:55 - [MESSAGE][PASSED] - Object: 'Object Repository/Page_Sign in to your account/input_Sign in_idSIButton9' is clicked on

2023-05-31 16:35:55 - [TEST_STEP][PASSED] - setEncryptedText(findTestObject("Object Repository/Page_Sign in to your account/input_Enter password_passwd"), "RrCFvfKds9jTMrd3MNZ02Q=="): Text ****** has been set on object 'Object Repository/Page_Sign in to your account/input_Enter password_passwd'

2023-05-31 16:35:57 - [MESSAGE][PASSED] - Text ****** has been set on object 'Object Repository/Page_Sign in to your account/input_Enter password_passwd'

2023-05-31 16:35:57 - [TEST_STEP][PASSED] - click(findTestObject("Object Repository/Page_Sign in to your account/input_Sign in_idSIButton9")): Object: 'Object Repository/Page_Sign in to your account/input_Sign in_idSIButton9' is clicked on

2023-05-31 16:35:57 - [MESSAGE][PASSED] - Object: 'Object Repository/Page_Sign in to your account/input_Sign in_idSIButton9' is clicked on

2023-05-31 16:35:57 - [TEST_STEP][PASSED] - click(findTestObject("Object Repository/Page_Sign in to your account/input_concat(Don, , t show this again)_idBtn_Back")): Object: 'Object Repository/Page_Sign in to your account/input_concat(Don, , t show this again)_idBtn_Back' is clicked on

2023-05-31 16:35:59 - [MESSAGE][PASSED] - Object: 'Object Repository/Page_Sign in to your account/input_concat(Don, , t show this again)_idBtn_Back' is clicked on

2023-05-31 16:35:59 - [TEST_STEP][PASSED] - switchToWindowTitle("BUMA AUSTRALIA - Dashboard"): Switched to window with title: 'BUMA AUSTRALIA - Dashboard'

2023-05-31 16:36:01 - [MESSAGE][PASSED] - Switched to window with title: 'BUMA AUSTRALIA - Dashboard']]></system-out>
         <system-err><![CDATA[]]></system-err>
      </testcase>
      <testcase name="Test Cases/Create WO" time="13.183" classname="Test Cases/Create WO" status="FAILED">
         <failure type="FAILED" message="Test Cases/Create WO FAILED.
Reason:
com.kms.katalon.core.exception.StepFailedException: Unable to set text 'null' of object 'Object Repository/Page_BUMA AUSTRALIA - Iron Lake - Task - Ou_df1751/input_Work Order_el-input__inner'
	at com.kms.katalon.core.webui.keyword.internal.WebUIKeywordMain.stepFailed(WebUIKeywordMain.groovy:64)
	at com.kms.katalon.core.webui.keyword.internal.WebUIKeywordMain.runKeyword(WebUIKeywordMain.groovy:26)
	at com.kms.katalon.core.webui.keyword.builtin.SetTextKeyword.setText(SetTextKeyword.groovy:66)
	at com.kms.katalon.core.webui.keyword.builtin.SetTextKeyword.execute(SetTextKeyword.groovy:37)
	at com.kms.katalon.core.keyword.internal.KeywordExecutor.executeKeywordForPlatform(KeywordExecutor.groovy:74)
	at com.kms.katalon.core.webui.keyword.WebUiBuiltInKeywords.setText(WebUiBuiltInKeywords.groovy:980)
	at com.kms.katalon.core.webui.keyword.WebUiBuiltInKeywords$setText$4.call(Unknown Source)
	at Create WO.run(Create WO:60)
	at com.kms.katalon.core.main.ScriptEngine.run(ScriptEngine.java:194)
	at com.kms.katalon.core.main.ScriptEngine.runScriptAsRawText(ScriptEngine.java:119)
	at com.kms.katalon.core.main.TestCaseExecutor.runScript(TestCaseExecutor.java:448)
	at com.kms.katalon.core.main.TestCaseExecutor.doExecute(TestCaseExecutor.java:439)
	at com.kms.katalon.core.main.TestCaseExecutor.processExecutionPhase(TestCaseExecutor.java:418)
	at com.kms.katalon.core.main.TestCaseExecutor.accessMainPhase(TestCaseExecutor.java:410)
	at com.kms.katalon.core.main.TestCaseExecutor.execute(TestCaseExecutor.java:285)
	at com.kms.katalon.core.common.CommonExecutor.accessTestCaseMainPhase(CommonExecutor.java:65)
	at com.kms.katalon.core.main.TestSuiteExecutor.accessTestSuiteMainPhase(TestSuiteExecutor.java:148)
	at com.kms.katalon.core.main.TestSuiteExecutor.execute(TestSuiteExecutor.java:106)
	at com.kms.katalon.core.main.TestCaseMain.startTestSuite(TestCaseMain.java:187)
	at com.kms.katalon.core.main.TestCaseMain$startTestSuite$0.call(Unknown Source)
	at TempTestSuite1685525735281.run(TempTestSuite1685525735281.groovy:36)
Caused by: java.lang.IllegalArgumentException: Text is null
	at com.kms.katalon.core.webui.keyword.builtin.SetTextKeyword$_setText_closure1.doCall(SetTextKeyword.groovy:48)
	at com.kms.katalon.core.webui.keyword.builtin.SetTextKeyword$_setText_closure1.call(SetTextKeyword.groovy)
	at com.kms.katalon.core.webui.keyword.internal.WebUIKeywordMain.runKeyword(WebUIKeywordMain.groovy:20)
	... 19 more
"/>
         <system-out><![CDATA[2023-05-31 16:36:01 - [TEST_CASE][FAILED] - Test Cases/Create WO: Test Cases/Create WO FAILED.
Reason:
com.kms.katalon.core.exception.StepFailedException: Unable to set text 'null' of object 'Object Repository/Page_BUMA AUSTRALIA - Iron Lake - Task - Ou_df1751/input_Work Order_el-input__inner'
	at com.kms.katalon.core.webui.keyword.internal.WebUIKeywordMain.stepFailed(WebUIKeywordMain.groovy:64)
	at com.kms.katalon.core.webui.keyword.internal.WebUIKeywordMain.runKeyword(WebUIKeywordMain.groovy:26)
	at com.kms.katalon.core.webui.keyword.builtin.SetTextKeyword.setText(SetTextKeyword.groovy:66)
	at com.kms.katalon.core.webui.keyword.builtin.SetTextKeyword.execute(SetTextKeyword.groovy:37)
	at com.kms.katalon.core.keyword.internal.KeywordExecutor.executeKeywordForPlatform(KeywordExecutor.groovy:74)
	at com.kms.katalon.core.webui.keyword.WebUiBuiltInKeywords.setText(WebUiBuiltInKeywords.groovy:980)
	at com.kms.katalon.core.webui.keyword.WebUiBuiltInKeywords$setText$4.call(Unknown Source)
	at Create WO.run(Create WO:60)
	at com.kms.katalon.core.main.ScriptEngine.run(ScriptEngine.java:194)
	at com.kms.katalon.core.main.ScriptEngine.runScriptAsRawText(ScriptEngine.java:119)
	at com.kms.katalon.core.main.TestCaseExecutor.runScript(TestCaseExecutor.java:448)
	at com.kms.katalon.core.main.TestCaseExecutor.doExecute(TestCaseExecutor.java:439)
	at com.kms.katalon.core.main.TestCaseExecutor.processExecutionPhase(TestCaseExecutor.java:418)
	at com.kms.katalon.core.main.TestCaseExecutor.accessMainPhase(TestCaseExecutor.java:410)
	at com.kms.katalon.core.main.TestCaseExecutor.execute(TestCaseExecutor.java:285)
	at com.kms.katalon.core.common.CommonExecutor.accessTestCaseMainPhase(CommonExecutor.java:65)
	at com.kms.katalon.core.main.TestSuiteExecutor.accessTestSuiteMainPhase(TestSuiteExecutor.java:148)
	at com.kms.katalon.core.main.TestSuiteExecutor.execute(TestSuiteExecutor.java:106)
	at com.kms.katalon.core.main.TestCaseMain.startTestSuite(TestCaseMain.java:187)
	at com.kms.katalon.core.main.TestCaseMain$startTestSuite$0.call(Unknown Source)
	at TempTestSuite1685525735281.run(TempTestSuite1685525735281.groovy:36)
Caused by: java.lang.IllegalArgumentException: Text is null
	at com.kms.katalon.core.webui.keyword.builtin.SetTextKeyword$_setText_closure1.doCall(SetTextKeyword.groovy:48)
	at com.kms.katalon.core.webui.keyword.builtin.SetTextKeyword$_setText_closure1.call(SetTextKeyword.groovy)
	at com.kms.katalon.core.webui.keyword.internal.WebUIKeywordMain.runKeyword(WebUIKeywordMain.groovy:20)
	... 19 more


2023-05-31 16:36:01 - [TEST_STEP][PASSED] - now = LocalDateTime.now(): null

2023-05-31 16:36:01 - [TEST_STEP][PASSED] - formatter = DateTimeFormatter.ofPattern("yyMMdd"): null

2023-05-31 16:36:01 - [TEST_STEP][PASSED] - formattedDate = now.format(formatter): null

2023-05-31 16:36:01 - [TEST_STEP][PASSED] - random = new java.util.Random(): null

2023-05-31 16:36:01 - [TEST_STEP][PASSED] - randomNumber1 = random.nextInt(10): null

2023-05-31 16:36:01 - [TEST_STEP][PASSED] - randomNumber2 = random.nextInt(10): null

2023-05-31 16:36:01 - [TEST_STEP][PASSED] - workOrder = "99" + formattedDate + randomNumber1 + randomNumber2: null

2023-05-31 16:36:01 - [TEST_STEP][PASSED] - click(findTestObject("Object Repository/Page_BUMA AUSTRALIA - Dashboard/a_Enter IronLake")): Object: 'Object Repository/Page_BUMA AUSTRALIA - Dashboard/a_Enter IronLake' is clicked on

2023-05-31 16:36:02 - [MESSAGE][PASSED] - Object: 'Object Repository/Page_BUMA AUSTRALIA - Dashboard/a_Enter IronLake' is clicked on

2023-05-31 16:36:02 - [TEST_STEP][PASSED] - click(findTestObject("Object Repository/Page_BUMA AUSTRALIA - Iron Lake - Task - Ou_df1751/span_Task")): Object: 'Object Repository/Page_BUMA AUSTRALIA - Iron Lake - Task - Ou_df1751/span_Task' is clicked on

2023-05-31 16:36:04 - [MESSAGE][PASSED] - Object: 'Object Repository/Page_BUMA AUSTRALIA - Iron Lake - Task - Ou_df1751/span_Task' is clicked on

2023-05-31 16:36:04 - [TEST_STEP][PASSED] - click(findTestObject("Object Repository/Page_BUMA AUSTRALIA - Iron Lake - Task - Ou_df1751/a_Outstanding Service")): Object: 'Object Repository/Page_BUMA AUSTRALIA - Iron Lake - Task - Ou_df1751/a_Outstanding Service' is clicked on

2023-05-31 16:36:04 - [MESSAGE][PASSED] - Object: 'Object Repository/Page_BUMA AUSTRALIA - Iron Lake - Task - Ou_df1751/a_Outstanding Service' is clicked on

2023-05-31 16:36:04 - [TEST_STEP][PASSED] - click(findTestObject("Object Repository/Page_BUMA AUSTRALIA - Iron Lake - Task - Ou_df1751/div_Outstanding Service_btn btn-small btn-i_1463e8")): Object: 'Object Repository/Page_BUMA AUSTRALIA - Iron Lake - Task - Ou_df1751/div_Outstanding Service_btn btn-small btn-i_1463e8' is clicked on

2023-05-31 16:36:09 - [MESSAGE][PASSED] - Object: 'Object Repository/Page_BUMA AUSTRALIA - Iron Lake - Task - Ou_df1751/div_Outstanding Service_btn btn-small btn-i_1463e8' is clicked on

2023-05-31 16:36:09 - [TEST_STEP][PASSED] - click(findTestObject("Page_BUMA AUSTRALIA - Iron Lake - Task - Ou_df1751/input_Unit Number_el-input__inner")): Object: 'Object Repository/Page_BUMA AUSTRALIA - Iron Lake - Task - Ou_df1751/input_Unit Number_el-input__inner' is clicked on

2023-05-31 16:36:10 - [MESSAGE][PASSED] - Object: 'Object Repository/Page_BUMA AUSTRALIA - Iron Lake - Task - Ou_df1751/input_Unit Number_el-input__inner' is clicked on

2023-05-31 16:36:10 - [TEST_STEP][PASSED] - setText(findTestObject("Page_BUMA AUSTRALIA - Iron Lake - Task - Ou_df1751/input_Unit Number_el-input__inner"), unit_number): Text 'DT0053' is set on object 'Object Repository/Page_BUMA AUSTRALIA - Iron Lake - Task - Ou_df1751/input_Unit Number_el-input__inner'

2023-05-31 16:36:11 - [MESSAGE][PASSED] - Text 'DT0053' is set on object 'Object Repository/Page_BUMA AUSTRALIA - Iron Lake - Task - Ou_df1751/input_Unit Number_el-input__inner'

2023-05-31 16:36:11 - [TEST_STEP][PASSED] - click(findTestObject("Object Repository/Page_BUMA AUSTRALIA - Iron Lake - Task - Ou_df1751/li_DT0053  777D Dump Truck CAT")): Object: 'Object Repository/Page_BUMA AUSTRALIA - Iron Lake - Task - Ou_df1751/li_DT0053  777D Dump Truck CAT' is clicked on

2023-05-31 16:36:12 - [MESSAGE][PASSED] - Object: 'Object Repository/Page_BUMA AUSTRALIA - Iron Lake - Task - Ou_df1751/li_DT0053  777D Dump Truck CAT' is clicked on

2023-05-31 16:36:12 - [TEST_STEP][PASSED] - setText(findTestObject("Object Repository/Page_BUMA AUSTRALIA - Iron Lake - Task - Ou_df1751/input_SMU Due (Hours)_el-input__inner"), smu): Text '2000
' is set on object 'Object Repository/Page_BUMA AUSTRALIA - Iron Lake - Task - Ou_df1751/input_SMU Due (Hours)_el-input__inner'

2023-05-31 16:36:13 - [MESSAGE][PASSED] - Text '2000
' is set on object 'Object Repository/Page_BUMA AUSTRALIA - Iron Lake - Task - Ou_df1751/input_SMU Due (Hours)_el-input__inner'

2023-05-31 16:36:13 - [TEST_STEP][FAILED] - setText(findTestObject("Object Repository/Page_BUMA AUSTRALIA - Iron Lake - Task - Ou_df1751/input_Work Order_el-input__inner"), work_order): Unable to set text 'null' of object 'Object Repository/Page_BUMA AUSTRALIA - Iron Lake - Task - Ou_df1751/input_Work Order_el-input__inner' (Root cause: com.kms.katalon.core.exception.StepFailedException: Unable to set text 'null' of object 'Object Repository/Page_BUMA AUSTRALIA - Iron Lake - Task - Ou_df1751/input_Work Order_el-input__inner'
	at com.kms.katalon.core.webui.keyword.internal.WebUIKeywordMain.stepFailed(WebUIKeywordMain.groovy:64)
	at com.kms.katalon.core.webui.keyword.internal.WebUIKeywordMain.runKeyword(WebUIKeywordMain.groovy:26)
	at com.kms.katalon.core.webui.keyword.builtin.SetTextKeyword.setText(SetTextKeyword.groovy:66)
	at com.kms.katalon.core.webui.keyword.builtin.SetTextKeyword.execute(SetTextKeyword.groovy:37)
	at com.kms.katalon.core.keyword.internal.KeywordExecutor.executeKeywordForPlatform(KeywordExecutor.groovy:74)
	at com.kms.katalon.core.webui.keyword.WebUiBuiltInKeywords.setText(WebUiBuiltInKeywords.groovy:980)
	at com.kms.katalon.core.webui.keyword.WebUiBuiltInKeywords$setText$4.call(Unknown Source)
	at Create WO.run(Create WO:60)
	at com.kms.katalon.core.main.ScriptEngine.run(ScriptEngine.java:194)
	at com.kms.katalon.core.main.ScriptEngine.runScriptAsRawText(ScriptEngine.java:119)
	at com.kms.katalon.core.main.TestCaseExecutor.runScript(TestCaseExecutor.java:448)
	at com.kms.katalon.core.main.TestCaseExecutor.doExecute(TestCaseExecutor.java:439)
	at com.kms.katalon.core.main.TestCaseExecutor.processExecutionPhase(TestCaseExecutor.java:418)
	at com.kms.katalon.core.main.TestCaseExecutor.accessMainPhase(TestCaseExecutor.java:410)
	at com.kms.katalon.core.main.TestCaseExecutor.execute(TestCaseExecutor.java:285)
	at com.kms.katalon.core.common.CommonExecutor.accessTestCaseMainPhase(CommonExecutor.java:65)
	at com.kms.katalon.core.main.TestSuiteExecutor.accessTestSuiteMainPhase(TestSuiteExecutor.java:148)
	at com.kms.katalon.core.main.TestSuiteExecutor.execute(TestSuiteExecutor.java:106)
	at com.kms.katalon.core.main.TestCaseMain.startTestSuite(TestCaseMain.java:187)
	at com.kms.katalon.core.main.TestCaseMain$startTestSuite$0.call(Unknown Source)
	at TempTestSuite1685525735281.run(TempTestSuite1685525735281.groovy:36)
Caused by: java.lang.IllegalArgumentException: Text is null
	at com.kms.katalon.core.webui.keyword.builtin.SetTextKeyword$_setText_closure1.doCall(SetTextKeyword.groovy:48)
	at com.kms.katalon.core.webui.keyword.builtin.SetTextKeyword$_setText_closure1.call(SetTextKeyword.groovy)
	at com.kms.katalon.core.webui.keyword.internal.WebUIKeywordMain.runKeyword(WebUIKeywordMain.groovy:20)
	at com.kms.katalon.core.webui.keyword.builtin.SetTextKeyword.setText(SetTextKeyword.groovy:66)
	at com.kms.katalon.core.webui.keyword.builtin.SetTextKeyword.execute(SetTextKeyword.groovy:37)
	at com.kms.katalon.core.keyword.internal.KeywordExecutor.executeKeywordForPlatform(KeywordExecutor.groovy:74)
	at com.kms.katalon.core.webui.keyword.WebUiBuiltInKeywords.setText(WebUiBuiltInKeywords.groovy:980)
	at com.kms.katalon.core.webui.keyword.WebUiBuiltInKeywords$setText$4.call(Unknown Source)
	at Script1685436896331.run(Script1685436896331.groovy:60)
	... 13 more
)

2023-05-31 16:36:14 - [MESSAGE][FAILED] - Unable to set text 'null' of object 'Object Repository/Page_BUMA AUSTRALIA - Iron Lake - Task - Ou_df1751/input_Work Order_el-input__inner' (Root cause: com.kms.katalon.core.exception.StepFailedException: Unable to set text 'null' of object 'Object Repository/Page_BUMA AUSTRALIA - Iron Lake - Task - Ou_df1751/input_Work Order_el-input__inner'
	at com.kms.katalon.core.webui.keyword.internal.WebUIKeywordMain.stepFailed(WebUIKeywordMain.groovy:64)
	at com.kms.katalon.core.webui.keyword.internal.WebUIKeywordMain.runKeyword(WebUIKeywordMain.groovy:26)
	at com.kms.katalon.core.webui.keyword.builtin.SetTextKeyword.setText(SetTextKeyword.groovy:66)
	at com.kms.katalon.core.webui.keyword.builtin.SetTextKeyword.execute(SetTextKeyword.groovy:37)
	at com.kms.katalon.core.keyword.internal.KeywordExecutor.executeKeywordForPlatform(KeywordExecutor.groovy:74)
	at com.kms.katalon.core.webui.keyword.WebUiBuiltInKeywords.setText(WebUiBuiltInKeywords.groovy:980)
	at com.kms.katalon.core.webui.keyword.WebUiBuiltInKeywords$setText$4.call(Unknown Source)
	at Create WO.run(Create WO:60)
	at com.kms.katalon.core.main.ScriptEngine.run(ScriptEngine.java:194)
	at com.kms.katalon.core.main.ScriptEngine.runScriptAsRawText(ScriptEngine.java:119)
	at com.kms.katalon.core.main.TestCaseExecutor.runScript(TestCaseExecutor.java:448)
	at com.kms.katalon.core.main.TestCaseExecutor.doExecute(TestCaseExecutor.java:439)
	at com.kms.katalon.core.main.TestCaseExecutor.processExecutionPhase(TestCaseExecutor.java:418)
	at com.kms.katalon.core.main.TestCaseExecutor.accessMainPhase(TestCaseExecutor.java:410)
	at com.kms.katalon.core.main.TestCaseExecutor.execute(TestCaseExecutor.java:285)
	at com.kms.katalon.core.common.CommonExecutor.accessTestCaseMainPhase(CommonExecutor.java:65)
	at com.kms.katalon.core.main.TestSuiteExecutor.accessTestSuiteMainPhase(TestSuiteExecutor.java:148)
	at com.kms.katalon.core.main.TestSuiteExecutor.execute(TestSuiteExecutor.java:106)
	at com.kms.katalon.core.main.TestCaseMain.startTestSuite(TestCaseMain.java:187)
	at com.kms.katalon.core.main.TestCaseMain$startTestSuite$0.call(Unknown Source)
	at TempTestSuite1685525735281.run(TempTestSuite1685525735281.groovy:36)
Caused by: java.lang.IllegalArgumentException: Text is null
	at com.kms.katalon.core.webui.keyword.builtin.SetTextKeyword$_setText_closure1.doCall(SetTextKeyword.groovy:48)
	at com.kms.katalon.core.webui.keyword.builtin.SetTextKeyword$_setText_closure1.call(SetTextKeyword.groovy)
	at com.kms.katalon.core.webui.keyword.internal.WebUIKeywordMain.runKeyword(WebUIKeywordMain.groovy:20)
	at com.kms.katalon.core.webui.keyword.builtin.SetTextKeyword.setText(SetTextKeyword.groovy:66)
	at com.kms.katalon.core.webui.keyword.builtin.SetTextKeyword.execute(SetTextKeyword.groovy:37)
	at com.kms.katalon.core.keyword.internal.KeywordExecutor.executeKeywordForPlatform(KeywordExecutor.groovy:74)
	at com.kms.katalon.core.webui.keyword.WebUiBuiltInKeywords.setText(WebUiBuiltInKeywords.groovy:980)
	at com.kms.katalon.core.webui.keyword.WebUiBuiltInKeywords$setText$4.call(Unknown Source)
	at Script1685436896331.run(Script1685436896331.groovy:60)
	... 13 more
)
[[ATTACHMENT|C:\\Users\\HadyanTarisAkbar\\Katalon Studio\\IronPortal\\Reports\\20230531_163535\\WO Creation\\20230531_163535\\1685525773989.png]]]]></system-out>
         <system-err><![CDATA[2023-05-31 16:36:01 - [TEST_CASE][FAILED] - Test Cases/Create WO: Test Cases/Create WO FAILED.
Reason:
com.kms.katalon.core.exception.StepFailedException: Unable to set text 'null' of object 'Object Repository/Page_BUMA AUSTRALIA - Iron Lake - Task - Ou_df1751/input_Work Order_el-input__inner'
	at com.kms.katalon.core.webui.keyword.internal.WebUIKeywordMain.stepFailed(WebUIKeywordMain.groovy:64)
	at com.kms.katalon.core.webui.keyword.internal.WebUIKeywordMain.runKeyword(WebUIKeywordMain.groovy:26)
	at com.kms.katalon.core.webui.keyword.builtin.SetTextKeyword.setText(SetTextKeyword.groovy:66)
	at com.kms.katalon.core.webui.keyword.builtin.SetTextKeyword.execute(SetTextKeyword.groovy:37)
	at com.kms.katalon.core.keyword.internal.KeywordExecutor.executeKeywordForPlatform(KeywordExecutor.groovy:74)
	at com.kms.katalon.core.webui.keyword.WebUiBuiltInKeywords.setText(WebUiBuiltInKeywords.groovy:980)
	at com.kms.katalon.core.webui.keyword.WebUiBuiltInKeywords$setText$4.call(Unknown Source)
	at Create WO.run(Create WO:60)
	at com.kms.katalon.core.main.ScriptEngine.run(ScriptEngine.java:194)
	at com.kms.katalon.core.main.ScriptEngine.runScriptAsRawText(ScriptEngine.java:119)
	at com.kms.katalon.core.main.TestCaseExecutor.runScript(TestCaseExecutor.java:448)
	at com.kms.katalon.core.main.TestCaseExecutor.doExecute(TestCaseExecutor.java:439)
	at com.kms.katalon.core.main.TestCaseExecutor.processExecutionPhase(TestCaseExecutor.java:418)
	at com.kms.katalon.core.main.TestCaseExecutor.accessMainPhase(TestCaseExecutor.java:410)
	at com.kms.katalon.core.main.TestCaseExecutor.execute(TestCaseExecutor.java:285)
	at com.kms.katalon.core.common.CommonExecutor.accessTestCaseMainPhase(CommonExecutor.java:65)
	at com.kms.katalon.core.main.TestSuiteExecutor.accessTestSuiteMainPhase(TestSuiteExecutor.java:148)
	at com.kms.katalon.core.main.TestSuiteExecutor.execute(TestSuiteExecutor.java:106)
	at com.kms.katalon.core.main.TestCaseMain.startTestSuite(TestCaseMain.java:187)
	at com.kms.katalon.core.main.TestCaseMain$startTestSuite$0.call(Unknown Source)
	at TempTestSuite1685525735281.run(TempTestSuite1685525735281.groovy:36)
Caused by: java.lang.IllegalArgumentException: Text is null
	at com.kms.katalon.core.webui.keyword.builtin.SetTextKeyword$_setText_closure1.doCall(SetTextKeyword.groovy:48)
	at com.kms.katalon.core.webui.keyword.builtin.SetTextKeyword$_setText_closure1.call(SetTextKeyword.groovy)
	at com.kms.katalon.core.webui.keyword.internal.WebUIKeywordMain.runKeyword(WebUIKeywordMain.groovy:20)
	... 19 more]]></system-err>
      </testcase>
      <testcase name="Test Cases/Verify WO" time="31.82" classname="Test Cases/Verify WO" status="FAILED">
         <failure type="FAILED" message="Test Cases/Verify WO FAILED.
Reason:
com.kms.katalon.core.exception.StepFailedException: Unable to click on object 'Object Repository/Page_BUMA AUSTRALIA - Iron Lake/Verify WO/Page_BUMA AUSTRALIA - Dashboard/a_Enter IronLake'
	at com.kms.katalon.core.webui.keyword.internal.WebUIKeywordMain.stepFailed(WebUIKeywordMain.groovy:64)
	at com.kms.katalon.core.webui.keyword.internal.WebUIKeywordMain.runKeyword(WebUIKeywordMain.groovy:26)
	at com.kms.katalon.core.webui.keyword.builtin.ClickKeyword.click(ClickKeyword.groovy:74)
	at com.kms.katalon.core.webui.keyword.builtin.ClickKeyword.execute(ClickKeyword.groovy:40)
	at com.kms.katalon.core.keyword.internal.KeywordExecutor.executeKeywordForPlatform(KeywordExecutor.groovy:74)
	at com.kms.katalon.core.webui.keyword.WebUiBuiltInKeywords.click(WebUiBuiltInKeywords.groovy:620)
	at com.kms.katalon.core.webui.keyword.WebUiBuiltInKeywords$click$2.call(Unknown Source)
	at Verify WO.run(Verify WO:20)
	at com.kms.katalon.core.main.ScriptEngine.run(ScriptEngine.java:194)
	at com.kms.katalon.core.main.ScriptEngine.runScriptAsRawText(ScriptEngine.java:119)
	at com.kms.katalon.core.main.TestCaseExecutor.runScript(TestCaseExecutor.java:448)
	at com.kms.katalon.core.main.TestCaseExecutor.doExecute(TestCaseExecutor.java:439)
	at com.kms.katalon.core.main.TestCaseExecutor.processExecutionPhase(TestCaseExecutor.java:418)
	at com.kms.katalon.core.main.TestCaseExecutor.accessMainPhase(TestCaseExecutor.java:410)
	at com.kms.katalon.core.main.TestCaseExecutor.execute(TestCaseExecutor.java:285)
	at com.kms.katalon.core.common.CommonExecutor.accessTestCaseMainPhase(CommonExecutor.java:65)
	at com.kms.katalon.core.main.TestSuiteExecutor.accessTestSuiteMainPhase(TestSuiteExecutor.java:148)
	at com.kms.katalon.core.main.TestSuiteExecutor.execute(TestSuiteExecutor.java:106)
	at com.kms.katalon.core.main.TestCaseMain.startTestSuite(TestCaseMain.java:187)
	at com.kms.katalon.core.main.TestCaseMain$startTestSuite$0.call(Unknown Source)
	at TempTestSuite1685525735281.run(TempTestSuite1685525735281.groovy:36)
Caused by: com.kms.katalon.core.webui.exception.WebElementNotFoundException: Web element with id: 'Object Repository/Page_BUMA AUSTRALIA - Iron Lake/Verify WO/Page_BUMA AUSTRALIA - Dashboard/a_Enter IronLake' located by '//div[@id='kt_content_container']/div[2]/div/div/div[3]/a/a' not found
	at com.kms.katalon.core.webui.common.WebUiCommonHelper.findWebElement(WebUiCommonHelper.java:1376)
	at com.kms.katalon.core.webui.keyword.internal.WebUIAbstractKeyword.findWebElement(WebUIAbstractKeyword.groovy:27)
	at com.kms.katalon.core.webui.keyword.builtin.ClickKeyword$_click_closure1.doCall(ClickKeyword.groovy:65)
	at com.kms.katalon.core.webui.keyword.builtin.ClickKeyword$_click_closure1.call(ClickKeyword.groovy)
	at com.kms.katalon.core.webui.keyword.internal.WebUIKeywordMain.runKeyword(WebUIKeywordMain.groovy:20)
	... 19 more
"/>
         <system-out><![CDATA[2023-05-31 16:36:14 - [TEST_CASE][FAILED] - Test Cases/Verify WO: Test Cases/Verify WO FAILED.
Reason:
com.kms.katalon.core.exception.StepFailedException: Unable to click on object 'Object Repository/Page_BUMA AUSTRALIA - Iron Lake/Verify WO/Page_BUMA AUSTRALIA - Dashboard/a_Enter IronLake'
	at com.kms.katalon.core.webui.keyword.internal.WebUIKeywordMain.stepFailed(WebUIKeywordMain.groovy:64)
	at com.kms.katalon.core.webui.keyword.internal.WebUIKeywordMain.runKeyword(WebUIKeywordMain.groovy:26)
	at com.kms.katalon.core.webui.keyword.builtin.ClickKeyword.click(ClickKeyword.groovy:74)
	at com.kms.katalon.core.webui.keyword.builtin.ClickKeyword.execute(ClickKeyword.groovy:40)
	at com.kms.katalon.core.keyword.internal.KeywordExecutor.executeKeywordForPlatform(KeywordExecutor.groovy:74)
	at com.kms.katalon.core.webui.keyword.WebUiBuiltInKeywords.click(WebUiBuiltInKeywords.groovy:620)
	at com.kms.katalon.core.webui.keyword.WebUiBuiltInKeywords$click$2.call(Unknown Source)
	at Verify WO.run(Verify WO:20)
	at com.kms.katalon.core.main.ScriptEngine.run(ScriptEngine.java:194)
	at com.kms.katalon.core.main.ScriptEngine.runScriptAsRawText(ScriptEngine.java:119)
	at com.kms.katalon.core.main.TestCaseExecutor.runScript(TestCaseExecutor.java:448)
	at com.kms.katalon.core.main.TestCaseExecutor.doExecute(TestCaseExecutor.java:439)
	at com.kms.katalon.core.main.TestCaseExecutor.processExecutionPhase(TestCaseExecutor.java:418)
	at com.kms.katalon.core.main.TestCaseExecutor.accessMainPhase(TestCaseExecutor.java:410)
	at com.kms.katalon.core.main.TestCaseExecutor.execute(TestCaseExecutor.java:285)
	at com.kms.katalon.core.common.CommonExecutor.accessTestCaseMainPhase(CommonExecutor.java:65)
	at com.kms.katalon.core.main.TestSuiteExecutor.accessTestSuiteMainPhase(TestSuiteExecutor.java:148)
	at com.kms.katalon.core.main.TestSuiteExecutor.execute(TestSuiteExecutor.java:106)
	at com.kms.katalon.core.main.TestCaseMain.startTestSuite(TestCaseMain.java:187)
	at com.kms.katalon.core.main.TestCaseMain$startTestSuite$0.call(Unknown Source)
	at TempTestSuite1685525735281.run(TempTestSuite1685525735281.groovy:36)
Caused by: com.kms.katalon.core.webui.exception.WebElementNotFoundException: Web element with id: 'Object Repository/Page_BUMA AUSTRALIA - Iron Lake/Verify WO/Page_BUMA AUSTRALIA - Dashboard/a_Enter IronLake' located by '//div[@id='kt_content_container']/div[2]/div/div/div[3]/a/a' not found
	at com.kms.katalon.core.webui.common.WebUiCommonHelper.findWebElement(WebUiCommonHelper.java:1376)
	at com.kms.katalon.core.webui.keyword.internal.WebUIAbstractKeyword.findWebElement(WebUIAbstractKeyword.groovy:27)
	at com.kms.katalon.core.webui.keyword.builtin.ClickKeyword$_click_closure1.doCall(ClickKeyword.groovy:65)
	at com.kms.katalon.core.webui.keyword.builtin.ClickKeyword$_click_closure1.call(ClickKeyword.groovy)
	at com.kms.katalon.core.webui.keyword.internal.WebUIKeywordMain.runKeyword(WebUIKeywordMain.groovy:20)
	... 19 more


2023-05-31 16:36:14 - [TEST_STEP][FAILED] - click(findTestObject("Object Repository/Page_BUMA AUSTRALIA - Iron Lake/Verify WO/Page_BUMA AUSTRALIA - Dashboard/a_Enter IronLake")): Unable to click on object 'Object Repository/Page_BUMA AUSTRALIA - Iron Lake/Verify WO/Page_BUMA AUSTRALIA - Dashboard/a_Enter IronLake' (Root cause: com.kms.katalon.core.exception.StepFailedException: Unable to click on object 'Object Repository/Page_BUMA AUSTRALIA - Iron Lake/Verify WO/Page_BUMA AUSTRALIA - Dashboard/a_Enter IronLake'
	at com.kms.katalon.core.webui.keyword.internal.WebUIKeywordMain.stepFailed(WebUIKeywordMain.groovy:64)
	at com.kms.katalon.core.webui.keyword.internal.WebUIKeywordMain.runKeyword(WebUIKeywordMain.groovy:26)
	at com.kms.katalon.core.webui.keyword.builtin.ClickKeyword.click(ClickKeyword.groovy:74)
	at com.kms.katalon.core.webui.keyword.builtin.ClickKeyword.execute(ClickKeyword.groovy:40)
	at com.kms.katalon.core.keyword.internal.KeywordExecutor.executeKeywordForPlatform(KeywordExecutor.groovy:74)
	at com.kms.katalon.core.webui.keyword.WebUiBuiltInKeywords.click(WebUiBuiltInKeywords.groovy:620)
	at com.kms.katalon.core.webui.keyword.WebUiBuiltInKeywords$click$2.call(Unknown Source)
	at Verify WO.run(Verify WO:20)
	at com.kms.katalon.core.main.ScriptEngine.run(ScriptEngine.java:194)
	at com.kms.katalon.core.main.ScriptEngine.runScriptAsRawText(ScriptEngine.java:119)
	at com.kms.katalon.core.main.TestCaseExecutor.runScript(TestCaseExecutor.java:448)
	at com.kms.katalon.core.main.TestCaseExecutor.doExecute(TestCaseExecutor.java:439)
	at com.kms.katalon.core.main.TestCaseExecutor.processExecutionPhase(TestCaseExecutor.java:418)
	at com.kms.katalon.core.main.TestCaseExecutor.accessMainPhase(TestCaseExecutor.java:410)
	at com.kms.katalon.core.main.TestCaseExecutor.execute(TestCaseExecutor.java:285)
	at com.kms.katalon.core.common.CommonExecutor.accessTestCaseMainPhase(CommonExecutor.java:65)
	at com.kms.katalon.core.main.TestSuiteExecutor.accessTestSuiteMainPhase(TestSuiteExecutor.java:148)
	at com.kms.katalon.core.main.TestSuiteExecutor.execute(TestSuiteExecutor.java:106)
	at com.kms.katalon.core.main.TestCaseMain.startTestSuite(TestCaseMain.java:187)
	at com.kms.katalon.core.main.TestCaseMain$startTestSuite$0.call(Unknown Source)
	at TempTestSuite1685525735281.run(TempTestSuite1685525735281.groovy:36)
Caused by: com.kms.katalon.core.webui.exception.WebElementNotFoundException: Web element with id: 'Object Repository/Page_BUMA AUSTRALIA - Iron Lake/Verify WO/Page_BUMA AUSTRALIA - Dashboard/a_Enter IronLake' located by '//div[@id='kt_content_container']/div[2]/div/div/div[3]/a/a' not found
	at com.kms.katalon.core.webui.common.WebUiCommonHelper.findWebElement(WebUiCommonHelper.java:1376)
	at com.kms.katalon.core.webui.keyword.internal.WebUIAbstractKeyword.findWebElement(WebUIAbstractKeyword.groovy:27)
	at com.kms.katalon.core.webui.keyword.builtin.ClickKeyword$_click_closure1.doCall(ClickKeyword.groovy:65)
	at com.kms.katalon.core.webui.keyword.builtin.ClickKeyword$_click_closure1.call(ClickKeyword.groovy)
	at com.kms.katalon.core.webui.keyword.internal.WebUIKeywordMain.runKeyword(WebUIKeywordMain.groovy:20)
	at com.kms.katalon.core.webui.keyword.builtin.ClickKeyword.click(ClickKeyword.groovy:74)
	at com.kms.katalon.core.webui.keyword.builtin.ClickKeyword.execute(ClickKeyword.groovy:40)
	at com.kms.katalon.core.keyword.internal.KeywordExecutor.executeKeywordForPlatform(KeywordExecutor.groovy:74)
	at com.kms.katalon.core.webui.keyword.WebUiBuiltInKeywords.click(WebUiBuiltInKeywords.groovy:620)
	at com.kms.katalon.core.webui.keyword.WebUiBuiltInKeywords$click$2.call(Unknown Source)
	at Script1685515935547.run(Script1685515935547.groovy:20)
	... 13 more
)

2023-05-31 16:36:45 - [MESSAGE][INFO] - Unable to find the element located by 'By.xpath: //div[@id='kt_content_container']/div[2]/div/div/div[3]/a/a'. Please recheck the objects properties to make sure the desired element is located. 

2023-05-31 16:36:46 - [MESSAGE][FAILED] - Unable to click on object 'Object Repository/Page_BUMA AUSTRALIA - Iron Lake/Verify WO/Page_BUMA AUSTRALIA - Dashboard/a_Enter IronLake' (Root cause: com.kms.katalon.core.exception.StepFailedException: Unable to click on object 'Object Repository/Page_BUMA AUSTRALIA - Iron Lake/Verify WO/Page_BUMA AUSTRALIA - Dashboard/a_Enter IronLake'
	at com.kms.katalon.core.webui.keyword.internal.WebUIKeywordMain.stepFailed(WebUIKeywordMain.groovy:64)
	at com.kms.katalon.core.webui.keyword.internal.WebUIKeywordMain.runKeyword(WebUIKeywordMain.groovy:26)
	at com.kms.katalon.core.webui.keyword.builtin.ClickKeyword.click(ClickKeyword.groovy:74)
	at com.kms.katalon.core.webui.keyword.builtin.ClickKeyword.execute(ClickKeyword.groovy:40)
	at com.kms.katalon.core.keyword.internal.KeywordExecutor.executeKeywordForPlatform(KeywordExecutor.groovy:74)
	at com.kms.katalon.core.webui.keyword.WebUiBuiltInKeywords.click(WebUiBuiltInKeywords.groovy:620)
	at com.kms.katalon.core.webui.keyword.WebUiBuiltInKeywords$click$2.call(Unknown Source)
	at Verify WO.run(Verify WO:20)
	at com.kms.katalon.core.main.ScriptEngine.run(ScriptEngine.java:194)
	at com.kms.katalon.core.main.ScriptEngine.runScriptAsRawText(ScriptEngine.java:119)
	at com.kms.katalon.core.main.TestCaseExecutor.runScript(TestCaseExecutor.java:448)
	at com.kms.katalon.core.main.TestCaseExecutor.doExecute(TestCaseExecutor.java:439)
	at com.kms.katalon.core.main.TestCaseExecutor.processExecutionPhase(TestCaseExecutor.java:418)
	at com.kms.katalon.core.main.TestCaseExecutor.accessMainPhase(TestCaseExecutor.java:410)
	at com.kms.katalon.core.main.TestCaseExecutor.execute(TestCaseExecutor.java:285)
	at com.kms.katalon.core.common.CommonExecutor.accessTestCaseMainPhase(CommonExecutor.java:65)
	at com.kms.katalon.core.main.TestSuiteExecutor.accessTestSuiteMainPhase(TestSuiteExecutor.java:148)
	at com.kms.katalon.core.main.TestSuiteExecutor.execute(TestSuiteExecutor.java:106)
	at com.kms.katalon.core.main.TestCaseMain.startTestSuite(TestCaseMain.java:187)
	at com.kms.katalon.core.main.TestCaseMain$startTestSuite$0.call(Unknown Source)
	at TempTestSuite1685525735281.run(TempTestSuite1685525735281.groovy:36)
Caused by: com.kms.katalon.core.webui.exception.WebElementNotFoundException: Web element with id: 'Object Repository/Page_BUMA AUSTRALIA - Iron Lake/Verify WO/Page_BUMA AUSTRALIA - Dashboard/a_Enter IronLake' located by '//div[@id='kt_content_container']/div[2]/div/div/div[3]/a/a' not found
	at com.kms.katalon.core.webui.common.WebUiCommonHelper.findWebElement(WebUiCommonHelper.java:1376)
	at com.kms.katalon.core.webui.keyword.internal.WebUIAbstractKeyword.findWebElement(WebUIAbstractKeyword.groovy:27)
	at com.kms.katalon.core.webui.keyword.builtin.ClickKeyword$_click_closure1.doCall(ClickKeyword.groovy:65)
	at com.kms.katalon.core.webui.keyword.builtin.ClickKeyword$_click_closure1.call(ClickKeyword.groovy)
	at com.kms.katalon.core.webui.keyword.internal.WebUIKeywordMain.runKeyword(WebUIKeywordMain.groovy:20)
	at com.kms.katalon.core.webui.keyword.builtin.ClickKeyword.click(ClickKeyword.groovy:74)
	at com.kms.katalon.core.webui.keyword.builtin.ClickKeyword.execute(ClickKeyword.groovy:40)
	at com.kms.katalon.core.keyword.internal.KeywordExecutor.executeKeywordForPlatform(KeywordExecutor.groovy:74)
	at com.kms.katalon.core.webui.keyword.WebUiBuiltInKeywords.click(WebUiBuiltInKeywords.groovy:620)
	at com.kms.katalon.core.webui.keyword.WebUiBuiltInKeywords$click$2.call(Unknown Source)
	at Script1685515935547.run(Script1685515935547.groovy:20)
	... 13 more
)
[[ATTACHMENT|C:\\Users\\HadyanTarisAkbar\\Katalon Studio\\IronPortal\\Reports\\20230531_163535\\WO Creation\\20230531_163535\\1685525805806.png]]]]></system-out>
         <system-err><![CDATA[2023-05-31 16:36:14 - [TEST_CASE][FAILED] - Test Cases/Verify WO: Test Cases/Verify WO FAILED.
Reason:
com.kms.katalon.core.exception.StepFailedException: Unable to click on object 'Object Repository/Page_BUMA AUSTRALIA - Iron Lake/Verify WO/Page_BUMA AUSTRALIA - Dashboard/a_Enter IronLake'
	at com.kms.katalon.core.webui.keyword.internal.WebUIKeywordMain.stepFailed(WebUIKeywordMain.groovy:64)
	at com.kms.katalon.core.webui.keyword.internal.WebUIKeywordMain.runKeyword(WebUIKeywordMain.groovy:26)
	at com.kms.katalon.core.webui.keyword.builtin.ClickKeyword.click(ClickKeyword.groovy:74)
	at com.kms.katalon.core.webui.keyword.builtin.ClickKeyword.execute(ClickKeyword.groovy:40)
	at com.kms.katalon.core.keyword.internal.KeywordExecutor.executeKeywordForPlatform(KeywordExecutor.groovy:74)
	at com.kms.katalon.core.webui.keyword.WebUiBuiltInKeywords.click(WebUiBuiltInKeywords.groovy:620)
	at com.kms.katalon.core.webui.keyword.WebUiBuiltInKeywords$click$2.call(Unknown Source)
	at Verify WO.run(Verify WO:20)
	at com.kms.katalon.core.main.ScriptEngine.run(ScriptEngine.java:194)
	at com.kms.katalon.core.main.ScriptEngine.runScriptAsRawText(ScriptEngine.java:119)
	at com.kms.katalon.core.main.TestCaseExecutor.runScript(TestCaseExecutor.java:448)
	at com.kms.katalon.core.main.TestCaseExecutor.doExecute(TestCaseExecutor.java:439)
	at com.kms.katalon.core.main.TestCaseExecutor.processExecutionPhase(TestCaseExecutor.java:418)
	at com.kms.katalon.core.main.TestCaseExecutor.accessMainPhase(TestCaseExecutor.java:410)
	at com.kms.katalon.core.main.TestCaseExecutor.execute(TestCaseExecutor.java:285)
	at com.kms.katalon.core.common.CommonExecutor.accessTestCaseMainPhase(CommonExecutor.java:65)
	at com.kms.katalon.core.main.TestSuiteExecutor.accessTestSuiteMainPhase(TestSuiteExecutor.java:148)
	at com.kms.katalon.core.main.TestSuiteExecutor.execute(TestSuiteExecutor.java:106)
	at com.kms.katalon.core.main.TestCaseMain.startTestSuite(TestCaseMain.java:187)
	at com.kms.katalon.core.main.TestCaseMain$startTestSuite$0.call(Unknown Source)
	at TempTestSuite1685525735281.run(TempTestSuite1685525735281.groovy:36)
Caused by: com.kms.katalon.core.webui.exception.WebElementNotFoundException: Web element with id: 'Object Repository/Page_BUMA AUSTRALIA - Iron Lake/Verify WO/Page_BUMA AUSTRALIA - Dashboard/a_Enter IronLake' located by '//div[@id='kt_content_container']/div[2]/div/div/div[3]/a/a' not found
	at com.kms.katalon.core.webui.common.WebUiCommonHelper.findWebElement(WebUiCommonHelper.java:1376)
	at com.kms.katalon.core.webui.keyword.internal.WebUIAbstractKeyword.findWebElement(WebUIAbstractKeyword.groovy:27)
	at com.kms.katalon.core.webui.keyword.builtin.ClickKeyword$_click_closure1.doCall(ClickKeyword.groovy:65)
	at com.kms.katalon.core.webui.keyword.builtin.ClickKeyword$_click_closure1.call(ClickKeyword.groovy)
	at com.kms.katalon.core.webui.keyword.internal.WebUIKeywordMain.runKeyword(WebUIKeywordMain.groovy:20)
	... 19 more]]></system-err>
      </testcase>
      <system-out><![CDATA[2023-05-31 16:35:43 - [TEST_SUITE][FAILED] - WO Creation: Test Cases/Create WO FAILED.
Reason:
com.kms.katalon.core.exception.StepFailedException: Unable to set text 'null' of object 'Object Repository/Page_BUMA AUSTRALIA - Iron Lake - Task - Ou_df1751/input_Work Order_el-input__inner'
	at com.kms.katalon.core.webui.keyword.internal.WebUIKeywordMain.stepFailed(WebUIKeywordMain.groovy:64)
	at com.kms.katalon.core.webui.keyword.internal.WebUIKeywordMain.runKeyword(WebUIKeywordMain.groovy:26)
	at com.kms.katalon.core.webui.keyword.builtin.SetTextKeyword.setText(SetTextKeyword.groovy:66)
	at com.kms.katalon.core.webui.keyword.builtin.SetTextKeyword.execute(SetTextKeyword.groovy:37)
	at com.kms.katalon.core.keyword.internal.KeywordExecutor.executeKeywordForPlatform(KeywordExecutor.groovy:74)
	at com.kms.katalon.core.webui.keyword.WebUiBuiltInKeywords.setText(WebUiBuiltInKeywords.groovy:980)
	at com.kms.katalon.core.webui.keyword.WebUiBuiltInKeywords$setText$4.call(Unknown Source)
	at Create WO.run(Create WO:60)
	at com.kms.katalon.core.main.ScriptEngine.run(ScriptEngine.java:194)
	at com.kms.katalon.core.main.ScriptEngine.runScriptAsRawText(ScriptEngine.java:119)
	at com.kms.katalon.core.main.TestCaseExecutor.runScript(TestCaseExecutor.java:448)
	at com.kms.katalon.core.main.TestCaseExecutor.doExecute(TestCaseExecutor.java:439)
	at com.kms.katalon.core.main.TestCaseExecutor.processExecutionPhase(TestCaseExecutor.java:418)
	at com.kms.katalon.core.main.TestCaseExecutor.accessMainPhase(TestCaseExecutor.java:410)
	at com.kms.katalon.core.main.TestCaseExecutor.execute(TestCaseExecutor.java:285)
	at com.kms.katalon.core.common.CommonExecutor.accessTestCaseMainPhase(CommonExecutor.java:65)
	at com.kms.katalon.core.main.TestSuiteExecutor.accessTestSuiteMainPhase(TestSuiteExecutor.java:148)
	at com.kms.katalon.core.main.TestSuiteExecutor.execute(TestSuiteExecutor.java:106)
	at com.kms.katalon.core.main.TestCaseMain.startTestSuite(TestCaseMain.java:187)
	at com.kms.katalon.core.main.TestCaseMain$startTestSuite$0.call(Unknown Source)
	at TempTestSuite1685525735281.run(TempTestSuite1685525735281.groovy:36)
Caused by: java.lang.IllegalArgumentException: Text is null
	at com.kms.katalon.core.webui.keyword.builtin.SetTextKeyword$_setText_closure1.doCall(SetTextKeyword.groovy:48)
	at com.kms.katalon.core.webui.keyword.builtin.SetTextKeyword$_setText_closure1.call(SetTextKeyword.groovy)
	at com.kms.katalon.core.webui.keyword.internal.WebUIKeywordMain.runKeyword(WebUIKeywordMain.groovy:20)
	... 19 more]]></system-out>
      <system-err><![CDATA[2023-05-31 16:35:43 - [TEST_SUITE][FAILED] - WO Creation: Test Cases/Create WO FAILED.
Reason:
com.kms.katalon.core.exception.StepFailedException: Unable to set text 'null' of object 'Object Repository/Page_BUMA AUSTRALIA - Iron Lake - Task - Ou_df1751/input_Work Order_el-input__inner'
	at com.kms.katalon.core.webui.keyword.internal.WebUIKeywordMain.stepFailed(WebUIKeywordMain.groovy:64)
	at com.kms.katalon.core.webui.keyword.internal.WebUIKeywordMain.runKeyword(WebUIKeywordMain.groovy:26)
	at com.kms.katalon.core.webui.keyword.builtin.SetTextKeyword.setText(SetTextKeyword.groovy:66)
	at com.kms.katalon.core.webui.keyword.builtin.SetTextKeyword.execute(SetTextKeyword.groovy:37)
	at com.kms.katalon.core.keyword.internal.KeywordExecutor.executeKeywordForPlatform(KeywordExecutor.groovy:74)
	at com.kms.katalon.core.webui.keyword.WebUiBuiltInKeywords.setText(WebUiBuiltInKeywords.groovy:980)
	at com.kms.katalon.core.webui.keyword.WebUiBuiltInKeywords$setText$4.call(Unknown Source)
	at Create WO.run(Create WO:60)
	at com.kms.katalon.core.main.ScriptEngine.run(ScriptEngine.java:194)
	at com.kms.katalon.core.main.ScriptEngine.runScriptAsRawText(ScriptEngine.java:119)
	at com.kms.katalon.core.main.TestCaseExecutor.runScript(TestCaseExecutor.java:448)
	at com.kms.katalon.core.main.TestCaseExecutor.doExecute(TestCaseExecutor.java:439)
	at com.kms.katalon.core.main.TestCaseExecutor.processExecutionPhase(TestCaseExecutor.java:418)
	at com.kms.katalon.core.main.TestCaseExecutor.accessMainPhase(TestCaseExecutor.java:410)
	at com.kms.katalon.core.main.TestCaseExecutor.execute(TestCaseExecutor.java:285)
	at com.kms.katalon.core.common.CommonExecutor.accessTestCaseMainPhase(CommonExecutor.java:65)
	at com.kms.katalon.core.main.TestSuiteExecutor.accessTestSuiteMainPhase(TestSuiteExecutor.java:148)
	at com.kms.katalon.core.main.TestSuiteExecutor.execute(TestSuiteExecutor.java:106)
	at com.kms.katalon.core.main.TestCaseMain.startTestSuite(TestCaseMain.java:187)
	at com.kms.katalon.core.main.TestCaseMain$startTestSuite$0.call(Unknown Source)
	at TempTestSuite1685525735281.run(TempTestSuite1685525735281.groovy:36)
Caused by: java.lang.IllegalArgumentException: Text is null
	at com.kms.katalon.core.webui.keyword.builtin.SetTextKeyword$_setText_closure1.doCall(SetTextKeyword.groovy:48)
	at com.kms.katalon.core.webui.keyword.builtin.SetTextKeyword$_setText_closure1.call(SetTextKeyword.groovy)
	at com.kms.katalon.core.webui.keyword.internal.WebUIKeywordMain.runKeyword(WebUIKeywordMain.groovy:20)
	... 19 more]]></system-err>
   </testsuite>
</testsuites>
